App\Consumer\Article/create
App\Consumer\Article/create
App\Consumer\Article/update
App\Consumer\Article/update
App\\Consumer\\Article/create
App\\Consumer\\Article/select
App\\Consumer\\Article/update
App\\Consumer\\Article/delete
App\\Consumer\\Article/select
App\\Consumer\\Article/update
App\\Consumer\\Article/create
App\\Consumer\\Article/delete
App\\Consumer\\Article/update
App\\Consumer\\Article/delete
App\\Consumer\\Article/create
App\\Consumer\\Article/select
App\\Consumer\\Article/update
App\\Consumer\\Article/delete
App\\Consumer\\Article/create
App\\Consumer\\Article/select
App\\Consumer\\Article/update
App\\Consumer\\Article/create
App\\Consumer\\Article/delete
App\\Consumer\\Article/select
App\\Consumer\\Article/update
App\\Consumer\\Article/delete
App\\Consumer\\Article/select
App\\Consumer\\Article/create
App\\Consumer\\Article/update
App\\Consumer\\Article/create
App\\Consumer\\Article/delete
App\\Consumer\\Article/select
App\\Consumer\\Article/create
App\\Consumer\\Article/update
App\\Consumer\\Article/delete
App\\Consumer\\Article/select
App\\Consumer\\Article/select
App\\Consumer\\Article/update
App\\Consumer\\Article/create
App\\Consumer\\Article/delete
App\\Consumer\\Article/select
App\\Consumer\\Article/update
App\\Consumer\\Article/create
App\\Consumer\\Article/delete
App\\Consumer\\Article/select
App\\Consumer\\Article/update
App\\Consumer\\Article/create
App\\Consumer\\Article/delete
App\\Consumer\\Article/update
App\\Consumer\\Article/delete
App\\Consumer\\Article/select
App\\Consumer\\Article/create
App\\Consumer\\Article/create
App\\Consumer\\Article/delete
App\\Consumer\\Article/select
App\\Consumer\\Article/update
App\\Consumer\\Article/update
App\\Consumer\\Article/create
App\\Consumer\\Article/select
App\\Consumer\\Article/delete
App\Consumer\Article/create
App\Consumer\Article/create
App\Consumer\Article/create
App\Consumer\Article/create
App\Consumer\Article/create
App\Consumer\Article/create
App\Consumer\Article/create
App\Consumer\Article/create
App\Consumer\Article/create
App\Consumer\Article/select
App\Consumer\Article/create
App\Consumer\Article/update
App\Consumer\Article/delete
App\Consumer\Article/create
App\Consumer\Article/update
App\Consumer\Article/select
App\Consumer\Article/delete
App\Consumer\Article/select
App\Consumer\Article/delete
App\Consumer\Article/create
App\Consumer\Article/update
App\Consumer\Article/select
App\Consumer\Article/update
App\Consumer\Article/delete
App\Consumer\Article/create
App\Consumer\Article/delete
App\Consumer\Article/update
App\Consumer\Article/create
App\Consumer\Article/select
App\Consumer\Article/delete
App\Consumer\Article/update
App\Consumer\Article/select
App\Consumer\Article/create
App\Consumer\Article/update
App\Consumer\Article/create
App\Consumer\Article/select
App\Consumer\Article/delete
